04:01:52 AM:DEBUG [logger_base.py:15] Mensaje a nivel de debug
04:19:49 AM:DEBUG [Usuario.py:44] 
            Id Usuarios: 1,
            Username: ale95,
            Password: 1234          
        
04:26:41 AM:DEBUG [Usuario.py:44] 
            Id Usuario: 1,
            Username: ale95,
            Password: 1234          
        
04:26:41 AM:DEBUG [Usuario.py:46] 
            Id Usuario: 2,
            Username: victor23,
            Password: 5432          
        
05:03:10 AM:DEBUG [conexion.py:23] Conexión Exitosa: <connection object at 0x0000025CD5CF5CF0; dsn: 'user=postgres password=xxx dbname=test_bd host=127.0.0.1 port=5432', closed: 0>
05:06:05 AM:DEBUG [conexion.py:23] Conexión Exitosa: <connection object at 0x000001F4EE505CF0; dsn: 'user=postgres password=xxx dbname=test_bd host=127.0.0.1 port=5432', closed: 0>
05:06:05 AM:ERROR [conexion.py:39] Ocurrió un error: 'NoneType' object has no attribute 'cursor'
05:08:00 AM:DEBUG [conexion.py:23] Conexión Exitosa: <connection object at 0x000001E3B3EB5CF0; dsn: 'user=postgres password=xxx dbname=test_bd host=127.0.0.1 port=5432', closed: 0>
05:08:00 AM:DEBUG [conexion.py:36] Se abrió corectamente el cursor: <cursor object at 0x000001E3B3E40740; closed: 0>
05:08:18 AM:DEBUG [conexion.py:23] Conexión Exitosa: <connection object at 0x0000018E1F995CF0; dsn: 'user=postgres password=xxx dbname=test_bd host=127.0.0.1 port=5432', closed: 0>
05:08:18 AM:DEBUG [conexion.py:36] Se abrió corectamente el cursor: <cursor object at 0x0000018E1F920740; closed: 0>
05:28:14 AM:DEBUG [conexion.py:23] Conexión Exitosa: <connection object at 0x0000026F3B57F9A0; dsn: 'user=postgres password=xxx dbname=test_bd host=127.0.0.1 port=5432', closed: 0>
05:28:14 AM:DEBUG [conexion.py:36] Se abrió corectamente el cursor: <cursor object at 0x0000026F3B5FF920; closed: 0>
05:28:33 AM:DEBUG [conexion.py:23] Conexión Exitosa: <connection object at 0x000001BA6819B9A0; dsn: 'user=postgres password=xxx dbname=test_bd host=127.0.0.1 port=5432', closed: 0>
05:28:33 AM:DEBUG [conexion.py:36] Se abrió corectamente el cursor: <cursor object at 0x000001BA68213920; closed: 0>
05:28:33 AM:DEBUG [usuario_dao.py:29] 
            Id Usuario: 1,
            Username: jperez,
            Password: None          
        
05:28:33 AM:DEBUG [usuario_dao.py:29] 
            Id Usuario: 2,
            Username: kgomez,
            Password: None          
        
05:29:00 AM:DEBUG [conexion.py:23] Conexión Exitosa: <connection object at 0x00000275DB36B9A0; dsn: 'user=postgres password=xxx dbname=test_bd host=127.0.0.1 port=5432', closed: 0>
05:29:00 AM:DEBUG [conexion.py:36] Se abrió corectamente el cursor: <cursor object at 0x00000275DB3E3920; closed: 0>
05:29:11 AM:DEBUG [conexion.py:23] Conexión Exitosa: <connection object at 0x00000281E2AAB9A0; dsn: 'user=postgres password=xxx dbname=test_bd host=127.0.0.1 port=5432', closed: 0>
05:29:11 AM:DEBUG [conexion.py:36] Se abrió corectamente el cursor: <cursor object at 0x00000281E2B23920; closed: 0>
05:29:11 AM:DEBUG [usuario_dao.py:29] 
            Id Usuario: 1,
            Username: jperez,
            Password: None          
        
05:29:11 AM:DEBUG [usuario_dao.py:29] 
            Id Usuario: 2,
            Username: kgomez,
            Password: None          
        
05:30:50 AM:DEBUG [conexion.py:23] Conexión Exitosa: <connection object at 0x000002177EB6B9A0; dsn: 'user=postgres password=xxx dbname=test_bd host=127.0.0.1 port=5432', closed: 0>
05:30:50 AM:DEBUG [conexion.py:36] Se abrió corectamente el cursor: <cursor object at 0x000002177EBE3920; closed: 0>
05:30:50 AM:DEBUG [usuario_dao.py:29] 
            Id Usuario: 1,
            Username: jperez,
            Password: None          
        
05:30:50 AM:DEBUG [usuario_dao.py:29] 
            Id Usuario: 2,
            Username: kgomez,
            Password: None          
        
05:32:25 AM:DEBUG [conexion.py:23] Conexión Exitosa: <connection object at 0x0000024E21C9B9A0; dsn: 'user=postgres password=xxx dbname=test_bd host=127.0.0.1 port=5432', closed: 0>
05:32:25 AM:DEBUG [conexion.py:36] Se abrió corectamente el cursor: <cursor object at 0x0000024E21D13920; closed: 0>
05:32:25 AM:DEBUG [usuario_dao.py:29] 
            Id Usuario: 1,
            Username: jperez,
            Password: None          
        
05:32:25 AM:DEBUG [usuario_dao.py:29] 
            Id Usuario: 2,
            Username: kgomez,
            Password: None          
        
05:36:21 AM:DEBUG [conexion.py:23] Conexión Exitosa: <connection object at 0x00000222BCC2B9A0; dsn: 'user=postgres password=xxx dbname=test_bd host=127.0.0.1 port=5432', closed: 0>
05:36:21 AM:DEBUG [conexion.py:36] Se abrió corectamente el cursor: <cursor object at 0x00000222BCCA3920; closed: 0>
05:36:21 AM:DEBUG [usuario_dao.py:29] 
            Id Usuario: 1,
            Username: jperez,
            Password: 1234          
        
05:36:21 AM:DEBUG [usuario_dao.py:29] 
            Id Usuario: 2,
            Username: kgomez,
            Password: 4567          
        
05:23:02 PM:DEBUG [conexion.py:36] creación del pool exitosa: <psycopg2.pool.SimpleConnectionPool object at 0x000002AB1B376180>
05:24:07 PM:DEBUG [conexion.py:36] creación del pool exitosa: <psycopg2.pool.SimpleConnectionPool object at 0x000002159C7460F0>
05:24:07 PM:DEBUG [conexion.py:18] Conexión obtenida del pool: <connection object at 0x000002159C739E00; dsn: 'user=postgres password=xxx dbname=test_bd host=127.0.0.1 port=5432', closed: 0>
05:24:07 PM:DEBUG [conexion.py:18] Conexión obtenida del pool: <connection object at 0x000002159C739F10; dsn: 'user=postgres password=xxx dbname=test_bd host=127.0.0.1 port=5432', closed: 0>
09:09:05 PM:DEBUG [conexion.py:36] creación del pool exitosa: <psycopg2.pool.SimpleConnectionPool object at 0x000001F28AF5E5D0>
09:09:05 PM:DEBUG [conexion.py:18] Conexión obtenida del pool: <connection object at 0x000001F28AF59E00; dsn: 'user=postgres password=xxx dbname=test_bd host=127.0.0.1 port=5432', closed: 0>
09:10:35 PM:DEBUG [conexion.py:36] creación del pool exitosa: <psycopg2.pool.SimpleConnectionPool object at 0x000001D3BEA1E630>
09:10:35 PM:DEBUG [conexion.py:18] Conexión obtenida del pool: <connection object at 0x000001D3BEA19E00; dsn: 'user=postgres password=xxx dbname=test_bd host=127.0.0.1 port=5432', closed: 0>
09:10:35 PM:DEBUG [conexion.py:47] Regresamos la conexión del pool: <connection object at 0x000001D3BEA19E00; dsn: 'user=postgres password=xxx dbname=test_bd host=127.0.0.1 port=5432', closed: 0>
09:39:04 PM:DEBUG [cursor_del_pool.py:11] Inicio del método with y __enter__
09:39:04 PM:DEBUG [conexion.py:36] creación del pool exitosa: <psycopg2.pool.SimpleConnectionPool object at 0x000001C8CF2409B0>
09:39:04 PM:DEBUG [conexion.py:18] Conexión obtenida del pool: <connection object at 0x000001C8CF23DF10; dsn: 'user=postgres password=xxx dbname=test_bd host=127.0.0.1 port=5432', closed: 0>
09:39:04 PM:DEBUG [cursor_del_pool.py:30] Dentro de bloque with
09:39:04 PM:DEBUG [cursor_del_pool.py:32] [(1, 'jperez', '1234'), (2, 'kgomez', '4567')]
09:39:04 PM:DEBUG [cursor_del_pool.py:17] Se ejecuta el método exit
09:39:04 PM:DEBUG [cursor_del_pool.py:23] Commit de la transacción
09:39:04 PM:DEBUG [conexion.py:47] Regresamos la conexión del pool: <connection object at 0x000001C8CF23DF10; dsn: 'user=postgres password=xxx dbname=test_bd host=127.0.0.1 port=5432', closed: 0>
09:39:30 PM:DEBUG [cursor_del_pool.py:11] Inicio del método with y __enter__
09:39:31 PM:DEBUG [conexion.py:36] creación del pool exitosa: <psycopg2.pool.SimpleConnectionPool object at 0x000001EE29D109B0>
09:39:31 PM:DEBUG [conexion.py:18] Conexión obtenida del pool: <connection object at 0x000001EE29D0DF10; dsn: 'user=postgres password=xxx dbname=test_bd host=127.0.0.1 port=5432', closed: 0>
09:39:31 PM:DEBUG [cursor_del_pool.py:30] Dentro de bloque with
09:39:31 PM:DEBUG [cursor_del_pool.py:32] [(1, 'jperez', '1234'), (2, 'kgomez', '4567')]
09:39:31 PM:DEBUG [cursor_del_pool.py:17] Se ejecuta el método exit
09:39:31 PM:DEBUG [cursor_del_pool.py:23] Commit de la transacción
09:39:31 PM:DEBUG [conexion.py:47] Regresamos la conexión del pool: <connection object at 0x000001EE29D0DF10; dsn: 'user=postgres password=xxx dbname=test_bd host=127.0.0.1 port=5432', closed: 0>
09:50:45 PM:DEBUG [cursor_del_pool.py:11] Inicio del método with y __enter__
09:50:45 PM:DEBUG [conexion.py:36] creación del pool exitosa: <psycopg2.pool.SimpleConnectionPool object at 0x000001928803DB80>
09:50:45 PM:DEBUG [conexion.py:18] Conexión obtenida del pool: <connection object at 0x0000019287FE2130; dsn: 'user=postgres password=xxx dbname=test_bd host=127.0.0.1 port=5432', closed: 0>
09:50:45 PM:DEBUG [cursor_del_pool.py:17] Se ejecuta el método exit
09:50:45 PM:DEBUG [cursor_del_pool.py:23] Commit de la transacción
09:50:45 PM:DEBUG [conexion.py:47] Regresamos la conexión del pool: <connection object at 0x0000019287FE2130; dsn: 'user=postgres password=xxx dbname=test_bd host=127.0.0.1 port=5432', closed: 0>
09:50:45 PM:DEBUG [usuario_dao.py:54] 
            Id Usuario: 1,
            Username: jperez,
            Password: 1234          
        
09:50:45 PM:DEBUG [usuario_dao.py:54] 
            Id Usuario: 2,
            Username: kgomez,
            Password: 4567          
        
11:06:33 PM:DEBUG [cursor_del_pool.py:11] Inicio del método with y __enter__
11:06:33 PM:DEBUG [conexion.py:36] creación del pool exitosa: <psycopg2.pool.SimpleConnectionPool object at 0x0000021CF132DB80>
11:06:33 PM:DEBUG [conexion.py:18] Conexión obtenida del pool: <connection object at 0x0000021CF12D2130; dsn: 'user=postgres password=xxx dbname=test_bd host=127.0.0.1 port=5432', closed: 0>
11:06:33 PM:DEBUG [cursor_del_pool.py:17] Se ejecuta el método exit
11:06:33 PM:DEBUG [cursor_del_pool.py:23] Commit de la transacción
11:06:33 PM:DEBUG [conexion.py:47] Regresamos la conexión del pool: <connection object at 0x0000021CF12D2130; dsn: 'user=postgres password=xxx dbname=test_bd host=127.0.0.1 port=5432', closed: 0>
11:06:33 PM:DEBUG [usuario_dao.py:54] 
            Id Usuario: 1,
            Username: jperez,
            Password: 1234          
        
11:06:33 PM:DEBUG [usuario_dao.py:54] 
            Id Usuario: 2,
            Username: kgomez,
            Password: 4567          
        
11:09:55 PM:DEBUG [cursor_del_pool.py:11] Inicio del método with y __enter__
11:09:55 PM:DEBUG [conexion.py:36] creación del pool exitosa: <psycopg2.pool.SimpleConnectionPool object at 0x000002C74CB95580>
11:09:55 PM:DEBUG [conexion.py:18] Conexión obtenida del pool: <connection object at 0x000002C74E5F2240; dsn: 'user=postgres password=xxx dbname=test_bd host=127.0.0.1 port=5432', closed: 0>
11:09:55 PM:DEBUG [usuario_dao.py:31] Usuario Insertado: 
            Id Usuario: None,
            Username: mtejada,
            Password: 9876          
        
11:09:55 PM:DEBUG [cursor_del_pool.py:17] Se ejecuta el método exit
11:09:55 PM:DEBUG [cursor_del_pool.py:23] Commit de la transacción
11:09:55 PM:DEBUG [conexion.py:47] Regresamos la conexión del pool: <connection object at 0x000002C74E5F2240; dsn: 'user=postgres password=xxx dbname=test_bd host=127.0.0.1 port=5432', closed: 0>
11:09:55 PM:DEBUG [usuario_dao.py:54] Usuario insertado: 1
11:09:55 PM:DEBUG [cursor_del_pool.py:11] Inicio del método with y __enter__
11:09:55 PM:DEBUG [conexion.py:18] Conexión obtenida del pool: <connection object at 0x000002C74E5F2240; dsn: 'user=postgres password=xxx dbname=test_bd host=127.0.0.1 port=5432', closed: 0>
11:09:55 PM:DEBUG [cursor_del_pool.py:17] Se ejecuta el método exit
11:09:55 PM:DEBUG [cursor_del_pool.py:23] Commit de la transacción
11:09:55 PM:DEBUG [conexion.py:47] Regresamos la conexión del pool: <connection object at 0x000002C74E5F2240; dsn: 'user=postgres password=xxx dbname=test_bd host=127.0.0.1 port=5432', closed: 0>
11:09:55 PM:DEBUG [usuario_dao.py:58] 
            Id Usuario: 1,
            Username: jperez,
            Password: 1234          
        
11:09:55 PM:DEBUG [usuario_dao.py:58] 
            Id Usuario: 2,
            Username: kgomez,
            Password: 4567          
        
11:09:55 PM:DEBUG [usuario_dao.py:58] 
            Id Usuario: 3,
            Username: mtejada,
            Password: 9876          
        
12:18:34 AM:DEBUG [cursor_del_pool.py:11] Inicio del método with y __enter__
12:18:34 AM:DEBUG [conexion.py:36] creación del pool exitosa: <psycopg2.pool.SimpleConnectionPool object at 0x000001EE848A0050>
12:18:34 AM:DEBUG [conexion.py:18] Conexión obtenida del pool: <connection object at 0x000001EE86462130; dsn: 'user=postgres password=xxx dbname=test_bd host=127.0.0.1 port=5432', closed: 0>
12:18:34 AM:DEBUG [cursor_del_pool.py:17] Se ejecuta el método exit
12:18:34 AM:DEBUG [cursor_del_pool.py:23] Commit de la transacción
12:18:34 AM:DEBUG [conexion.py:47] Regresamos la conexión del pool: <connection object at 0x000001EE86462130; dsn: 'user=postgres password=xxx dbname=test_bd host=127.0.0.1 port=5432', closed: 0>
12:18:34 AM:INFO [menu_app_usuario.py:19] 
            Id Usuario: 1,
            Username: jperez,
            Password: 1234          
        
12:18:34 AM:INFO [menu_app_usuario.py:19] 
            Id Usuario: 2,
            Username: kgomez,
            Password: 4567          
        
12:18:34 AM:INFO [menu_app_usuario.py:19] 
            Id Usuario: 3,
            Username: mtejada,
            Password: 9876          
        
12:37:12 AM:DEBUG [cursor_del_pool.py:11] Inicio del método with y __enter__
12:37:12 AM:DEBUG [conexion.py:36] creación del pool exitosa: <psycopg2.pool.SimpleConnectionPool object at 0x000002C26EBA0050>
12:37:12 AM:DEBUG [conexion.py:18] Conexión obtenida del pool: <connection object at 0x000002C270712130; dsn: 'user=postgres password=xxx dbname=test_bd host=127.0.0.1 port=5432', closed: 0>
12:37:12 AM:DEBUG [cursor_del_pool.py:17] Se ejecuta el método exit
12:37:12 AM:DEBUG [cursor_del_pool.py:23] Commit de la transacción
12:37:12 AM:DEBUG [conexion.py:47] Regresamos la conexión del pool: <connection object at 0x000002C270712130; dsn: 'user=postgres password=xxx dbname=test_bd host=127.0.0.1 port=5432', closed: 0>
12:37:12 AM:INFO [menu_app_usuario.py:22] 
            Id Usuario: 1,
            Username: jperez,
            Password: 1234          
        
12:37:12 AM:INFO [menu_app_usuario.py:22] 
            Id Usuario: 2,
            Username: kgomez,
            Password: 4567          
        
12:37:12 AM:INFO [menu_app_usuario.py:22] 
            Id Usuario: 3,
            Username: mtejada,
            Password: 9876          
        
12:43:30 AM:DEBUG [cursor_del_pool.py:11] Inicio del método with y __enter__
12:43:30 AM:DEBUG [conexion.py:36] creación del pool exitosa: <psycopg2.pool.SimpleConnectionPool object at 0x000001A677290050>
12:43:30 AM:DEBUG [conexion.py:18] Conexión obtenida del pool: <connection object at 0x000001A678E32130; dsn: 'user=postgres password=xxx dbname=test_bd host=127.0.0.1 port=5432', closed: 0>
12:43:30 AM:DEBUG [cursor_del_pool.py:17] Se ejecuta el método exit
12:43:30 AM:DEBUG [cursor_del_pool.py:23] Commit de la transacción
12:43:30 AM:DEBUG [conexion.py:47] Regresamos la conexión del pool: <connection object at 0x000001A678E32130; dsn: 'user=postgres password=xxx dbname=test_bd host=127.0.0.1 port=5432', closed: 0>
12:43:30 AM:INFO [menu_app_usuario.py:22] 
            Id Usuario: 1,
            Username: jperez,
            Password: 1234          
        
12:43:30 AM:INFO [menu_app_usuario.py:22] 
            Id Usuario: 2,
            Username: kgomez,
            Password: 4567          
        
12:43:30 AM:INFO [menu_app_usuario.py:22] 
            Id Usuario: 3,
            Username: mtejada,
            Password: 9876          
        
12:44:53 AM:DEBUG [conexion.py:36] creación del pool exitosa: <psycopg2.pool.SimpleConnectionPool object at 0x00000215700C68D0>
12:44:53 AM:DEBUG [conexion.py:18] Conexión obtenida del pool: <connection object at 0x0000021570032130; dsn: 'user=postgres password=xxx dbname=test_bd host=127.0.0.1 port=5432', closed: 0>
12:44:53 AM:DEBUG [cursor_del_pool.py:21] Commit de la transacción
12:44:53 AM:DEBUG [conexion.py:47] Regresamos la conexión del pool: <connection object at 0x0000021570032130; dsn: 'user=postgres password=xxx dbname=test_bd host=127.0.0.1 port=5432', closed: 0>
12:44:53 AM:INFO [menu_app_usuario.py:22] 
            Id Usuario: 1,
            Username: jperez,
            Password: 1234          
        
12:44:53 AM:INFO [menu_app_usuario.py:22] 
            Id Usuario: 2,
            Username: kgomez,
            Password: 4567          
        
12:44:53 AM:INFO [menu_app_usuario.py:22] 
            Id Usuario: 3,
            Username: mtejada,
            Password: 9876          
        
12:46:02 AM:DEBUG [conexion.py:18] Conexión obtenida del pool: <connection object at 0x00000243B9D7A350; dsn: 'user=postgres password=xxx dbname=test_bd host=127.0.0.1 port=5432', closed: 0>
12:46:02 AM:DEBUG [cursor_del_pool.py:21] Commit de la transacción
12:46:02 AM:INFO [menu_app_usuario.py:22] 
            Id Usuario: 1,
            Username: jperez,
            Password: 1234          
        
12:46:02 AM:INFO [menu_app_usuario.py:22] 
            Id Usuario: 2,
            Username: kgomez,
            Password: 4567          
        
12:46:02 AM:INFO [menu_app_usuario.py:22] 
            Id Usuario: 3,
            Username: mtejada,
            Password: 9876          
        
12:46:28 AM:DEBUG [conexion.py:18] Conexión obtenida del pool: <connection object at 0x000001C34B6B2350; dsn: 'user=postgres password=xxx dbname=test_bd host=127.0.0.1 port=5432', closed: 0>
12:46:28 AM:INFO [menu_app_usuario.py:22] 
            Id Usuario: 1,
            Username: jperez,
            Password: 1234          
        
12:46:28 AM:INFO [menu_app_usuario.py:22] 
            Id Usuario: 2,
            Username: kgomez,
            Password: 4567          
        
12:46:28 AM:INFO [menu_app_usuario.py:22] 
            Id Usuario: 3,
            Username: mtejada,
            Password: 9876          
        
12:48:00 AM:INFO [menu_app_usuario.py:22] 
            Id Usuario: 1,
            Username: jperez,
            Password: 1234          
        
12:48:00 AM:INFO [menu_app_usuario.py:22] 
            Id Usuario: 2,
            Username: kgomez,
            Password: 4567          
        
12:48:00 AM:INFO [menu_app_usuario.py:22] 
            Id Usuario: 3,
            Username: mtejada,
            Password: 9876          
        
12:50:27 AM:DEBUG [usuario_dao.py:31] Usuario Insertado: 
            Id Usuario: None,
            Username: alejo23,
            Password: 4321          
        
12:50:27 AM:INFO [menu_app_usuario.py:32] Usuario insertado: 1
12:51:08 AM:INFO [menu_app_usuario.py:22] 
            Id Usuario: 1,
            Username: jperez,
            Password: 1234          
        
12:51:08 AM:INFO [menu_app_usuario.py:22] 
            Id Usuario: 2,
            Username: kgomez,
            Password: 4567          
        
12:51:08 AM:INFO [menu_app_usuario.py:22] 
            Id Usuario: 3,
            Username: mtejada,
            Password: 9876          
        
12:51:08 AM:INFO [menu_app_usuario.py:22] 
            Id Usuario: 4,
            Username: alejo23,
            Password: 4321          
        
12:51:53 AM:INFO [menu_app_usuario.py:22] 
            Id Usuario: 1,
            Username: jperez,
            Password: 1234          
        
12:51:53 AM:INFO [menu_app_usuario.py:22] 
            Id Usuario: 2,
            Username: kgomez,
            Password: 4567          
        
12:51:53 AM:INFO [menu_app_usuario.py:22] 
            Id Usuario: 3,
            Username: mtejada,
            Password: 9876          
        
12:51:53 AM:INFO [menu_app_usuario.py:22] 
            Id Usuario: 4,
            Username: alejo23,
            Password: 4321          
        
12:54:17 AM:ERROR [menu_app_usuario.py:45] Error al actualizar usuario: 'type' object does not support the context manager protocol
12:57:57 AM:ERROR [menu_app_usuario.py:45] Error al actualizar usuario: 'type' object does not support the context manager protocol
12:59:59 AM:INFO [menu_app_usuario.py:22] 
            Id Usuario: 1,
            Username: jperez,
            Password: 1234          
        
12:59:59 AM:INFO [menu_app_usuario.py:22] 
            Id Usuario: 2,
            Username: kgomez,
            Password: 4567          
        
12:59:59 AM:INFO [menu_app_usuario.py:22] 
            Id Usuario: 3,
            Username: mtejada,
            Password: 9876          
        
12:59:59 AM:INFO [menu_app_usuario.py:22] 
            Id Usuario: 4,
            Username: alejo23,
            Password: 4321          
        
01:00:45 AM:ERROR [menu_app_usuario.py:45] Error al actualizar usuario: 'type' object does not support the context manager protocol
01:04:02 AM:INFO [menu_app_usuario.py:22] 
            Id Usuario: 1,
            Username: jperez,
            Password: 1234          
        
01:04:02 AM:INFO [menu_app_usuario.py:22] 
            Id Usuario: 2,
            Username: kgomez,
            Password: 4567          
        
01:04:02 AM:INFO [menu_app_usuario.py:22] 
            Id Usuario: 3,
            Username: mtejada,
            Password: 9876          
        
01:04:02 AM:INFO [menu_app_usuario.py:22] 
            Id Usuario: 4,
            Username: alejo23,
            Password: 4321          
        
01:05:08 AM:ERROR [menu_app_usuario.py:45] Error al actualizar usuario: 'type' object does not support the context manager protocol
01:08:01 AM:INFO [menu_app_usuario.py:22] 
            Id Usuario: 1,
            Username: jperez,
            Password: 1234          
        
01:08:01 AM:INFO [menu_app_usuario.py:22] 
            Id Usuario: 2,
            Username: kgomez,
            Password: 4567          
        
01:08:01 AM:INFO [menu_app_usuario.py:22] 
            Id Usuario: 3,
            Username: mtejada,
            Password: 9876          
        
01:08:01 AM:INFO [menu_app_usuario.py:22] 
            Id Usuario: 4,
            Username: alejo23,
            Password: 4321          
        
01:08:36 AM:DEBUG [cursor_del_pool.py:18] Ocurrió una excepción: tuple index out of range
01:08:36 AM:ERROR [menu_app_usuario.py:45] Error al actualizar usuario: tuple index out of range
01:15:35 AM:DEBUG [usuario_dao.py:38] Usuario Actualizado: 
            Id Usuario: 4,
            Username: victor23,
            Password: 7654          
        
01:15:35 AM:INFO [menu_app_usuario.py:43] Usuario actualizado: 1
01:17:33 AM:DEBUG [usuario_dao.py:46] El usuario eliminado es: 
            Id Usuario: 4,
            Username: None,
            Password: None          
        
01:17:33 AM:INFO [menu_app_usuario.py:52] Usuario eliminado: 1
01:17:46 AM:INFO [menu_app_usuario.py:22] 
            Id Usuario: 1,
            Username: jperez,
            Password: 1234          
        
01:17:46 AM:INFO [menu_app_usuario.py:22] 
            Id Usuario: 2,
            Username: kgomez,
            Password: 4567          
        
01:17:46 AM:INFO [menu_app_usuario.py:22] 
            Id Usuario: 3,
            Username: mtejada,
            Password: 9876          
        
01:19:53 AM:INFO [menu_app_usuario.py:22] 
            Id Usuario: 1,
            Username: jperez,
            Password: 1234          
        
01:19:53 AM:INFO [menu_app_usuario.py:22] 
            Id Usuario: 2,
            Username: kgomez,
            Password: 4567          
        
01:19:53 AM:INFO [menu_app_usuario.py:22] 
            Id Usuario: 3,
            Username: mtejada,
            Password: 9876          
        
01:20:23 AM:DEBUG [usuario_dao.py:30] Usuario Insertado: 
            Id Usuario: None,
            Username: alejo23,
            Password: 8765          
        
01:20:23 AM:INFO [menu_app_usuario.py:32] Usuario insertado: 1
01:20:43 AM:INFO [menu_app_usuario.py:22] 
            Id Usuario: 1,
            Username: jperez,
            Password: 1234          
        
01:20:43 AM:INFO [menu_app_usuario.py:22] 
            Id Usuario: 2,
            Username: kgomez,
            Password: 4567          
        
01:20:43 AM:INFO [menu_app_usuario.py:22] 
            Id Usuario: 3,
            Username: mtejada,
            Password: 9876          
        
01:20:43 AM:INFO [menu_app_usuario.py:22] 
            Id Usuario: 5,
            Username: alejo23,
            Password: 8765          
        
01:21:38 AM:DEBUG [usuario_dao.py:38] Usuario Actualizado: 
            Id Usuario: 5,
            Username: victor23,
            Password: 6543          
        
01:21:38 AM:INFO [menu_app_usuario.py:43] Usuario actualizado: 1
01:22:36 AM:DEBUG [usuario_dao.py:46] El usuario eliminado es: 
            Id Usuario: 5,
            Username: None,
            Password: None          
        
01:22:36 AM:INFO [menu_app_usuario.py:52] Usuario eliminado: 1
01:32:30 AM:INFO [menu_app_usuario.py:22] 
            Id Usuario: 1,
            Username: jperez,
            Password: 1234          
        
01:32:30 AM:INFO [menu_app_usuario.py:22] 
            Id Usuario: 2,
            Username: kgomez,
            Password: 4567          
        
01:32:30 AM:INFO [menu_app_usuario.py:22] 
            Id Usuario: 3,
            Username: mtejada,
            Password: 9876          
        
01:34:27 AM:DEBUG [usuario_dao.py:20] Usuarios seleccionados: 3 encontrados.
01:34:27 AM:INFO [menu_app_usuario.py:22] 
            Id Usuario: 1,
            Username: jperez,
            Password: 1234          
        
01:34:27 AM:INFO [menu_app_usuario.py:22] 
            Id Usuario: 2,
            Username: kgomez,
            Password: 4567          
        
01:34:27 AM:INFO [menu_app_usuario.py:22] 
            Id Usuario: 3,
            Username: mtejada,
            Password: 9876          
        
01:35:08 AM:INFO [menu_app_usuario.py:22] 
            Id Usuario: 1,
            Username: jperez,
            Password: 1234          
        
01:35:08 AM:INFO [menu_app_usuario.py:22] 
            Id Usuario: 2,
            Username: kgomez,
            Password: 4567          
        
01:35:08 AM:INFO [menu_app_usuario.py:22] 
            Id Usuario: 3,
            Username: mtejada,
            Password: 9876          
        
01:44:38 AM:INFO [menu_app_usuario.py:25] 
            Id Usuario: 1,
            Username: jperez,
            Password: 1234          
        
01:44:38 AM:INFO [menu_app_usuario.py:25] 
            Id Usuario: 2,
            Username: kgomez,
            Password: 4567          
        
01:44:38 AM:INFO [menu_app_usuario.py:25] 
            Id Usuario: 3,
            Username: mtejada,
            Password: 9876          
        
01:50:19 AM:INFO [menu_app_usuario.py:25] 
            Id Usuario: 1,
            Username: jperez,
            Password: 1234          
        
01:50:19 AM:INFO [menu_app_usuario.py:25] 
            Id Usuario: 2,
            Username: kgomez,
            Password: 4567          
        
01:50:19 AM:INFO [menu_app_usuario.py:25] 
            Id Usuario: 3,
            Username: mtejada,
            Password: 9876          
        
01:51:54 AM:INFO [menu_app_usuario.py:25] 
            Id Usuario: 1,
            Username: jperez,
            Password: 1234          
        
01:51:55 AM:INFO [menu_app_usuario.py:25] 
            Id Usuario: 2,
            Username: kgomez,
            Password: 4567          
        
01:51:55 AM:INFO [menu_app_usuario.py:25] 
            Id Usuario: 3,
            Username: mtejada,
            Password: 9876          
        
01:54:44 AM:INFO [menu_app_usuario.py:25] 
            Id Usuario: 1,
            Username: jperez,
            Password: 1234          
        
01:54:44 AM:INFO [menu_app_usuario.py:25] 
            Id Usuario: 2,
            Username: kgomez,
            Password: 4567          
        
01:54:44 AM:INFO [menu_app_usuario.py:25] 
            Id Usuario: 3,
            Username: mtejada,
            Password: 9876          
        
03:47:32 AM:INFO [menu_app_usuario.py:25] 
            Id Usuario: 1,
            Username: jperez,
            Password: 1234          
        
03:47:32 AM:INFO [menu_app_usuario.py:25] 
            Id Usuario: 2,
            Username: kgomez,
            Password: 4567          
        
03:47:32 AM:INFO [menu_app_usuario.py:25] 
            Id Usuario: 3,
            Username: mtejada,
            Password: 9876          
        
03:59:57 AM:INFO [menu_app_usuario.py:25] 
            Id Usuario: 1,
            Username: jperez,
            Password: 1234          
        
03:59:57 AM:INFO [menu_app_usuario.py:25] 
            Id Usuario: 2,
            Username: kgomez,
            Password: 4567          
        
03:59:57 AM:INFO [menu_app_usuario.py:25] 
            Id Usuario: 3,
            Username: mtejada,
            Password: 9876          
        
04:16:10 AM:INFO [menu_app_usuario.py:29] 
            Id Usuario: 1,
            Username: jperez,
            Password: 1234          
        
04:16:10 AM:INFO [menu_app_usuario.py:29] 
            Id Usuario: 2,
            Username: kgomez,
            Password: 4567          
        
04:16:10 AM:INFO [menu_app_usuario.py:29] 
            Id Usuario: 3,
            Username: mtejada,
            Password: 9876          
        
04:19:20 AM:INFO [menu_app_usuario.py:29] 
            Id Usuario: 1,
            Username: jperez,
            Password: 1234          
        
04:19:20 AM:INFO [menu_app_usuario.py:29] 
            Id Usuario: 2,
            Username: kgomez,
            Password: 4567          
        
04:19:20 AM:INFO [menu_app_usuario.py:29] 
            Id Usuario: 3,
            Username: mtejada,
            Password: 9876          
        
04:20:09 AM:INFO [menu_app_usuario.py:29] 
            Id Usuario: 1,
            Username: jperez,
            Password: 1234          
        
04:20:09 AM:INFO [menu_app_usuario.py:29] 
            Id Usuario: 2,
            Username: kgomez,
            Password: 4567          
        
04:20:09 AM:INFO [menu_app_usuario.py:29] 
            Id Usuario: 3,
            Username: mtejada,
            Password: 9876          
        
